<?xml version="1.0" encoding="UTF-8"?>
<testng-results ignored="0" total="0" passed="0" failed="0" skipped="0">
  <reporter-output>
  </reporter-output>
  <suite started-at="2023-05-08T21:13:51 EDT" name="Surefire suite" finished-at="2023-05-08T21:14:46 EDT" duration-ms="54821">
    <groups>
    </groups>
    <test started-at="2023-05-08T21:13:51 EDT" name="Surefire test" finished-at="2023-05-08T21:14:46 EDT" duration-ms="54821">
    </test> <!-- Surefire test -->
  </suite> <!-- Surefire suite -->
</testng-results>
