<?xml version="1.0" encoding="UTF-8"?>
<testsuite xmlns:xsi="http://www.w3.org/2001/XMLSchema-instance" xsi:noNamespaceSchemaLocation="https://maven.apache.org/surefire/maven-surefire-plugin/xsd/surefire-test-report-3.0.xsd" version="3.0" name="TestSuite" time="3.903" tests="9" errors="0" skipped="0" failures="3">
  <properties>
[...]
</properties>
  <testcase name="createApet" classname="api_tests.PetStoreTests" time="2.59">
    <system-out><![CDATA[{
    "id": 712,
    "category": {
        "id": 21,
        "name": "Dog"
    },
    "name": "Mountain",
    "photoUrls": [
        "string"
    ],
    "tags": [
        {
            "id": 21999,
            "name": "M_21999"
        }
    ],
    "status": "pending"
}
Mountain
Dog
712
pending
M_21999
]]></system-out>
  </testcase>
  <testcase name="createApet_with_json_file" classname="api_tests.PetStoreTests" time="0.017">
    <failure message="./src/test/resources/json_files/createApet.json (No such file or directory)" type="java.io.FileNotFoundException"><![CDATA[java.io.FileNotFoundException: ./src/test/resources/json_files/createApet.json (No such file or directory)
	at api_tests.PetStoreTests.createApet_with_json_file(PetStoreTests.java:188)
]]></failure>
  </testcase>
  <testcase name="findPetsByStatus" classname="api_tests.PetStoreTests" time="0.135"/>
  <testcase name="findPetsByStatus_providingQueryParam" classname="api_tests.PetStoreTests" time="0.092">
    <system-out><![CDATA[[
    {
        "id": 12,
        "category": {
            "id": 0,
            "name": "dogs"
        },
        "photoUrls": [
            "string"
        ],
        "tags": [
            {
                "id": 0,
                "name": "string"
            }
        ],
        "status": "sold"
    },
    {
        "id": 13,
        "category": {
            "id": 0,
            "name": "cats"
        },
        "photoUrls": [
            "string"
        ],
        "tags": [
            {
                "id": 0,
                "name": "string"
            }
        ],
        "status": "sold"
    },
    {
        "id": 23688827,
        "category": {
            "id": 38199557,
            "name": "officia in"
        },
        "name": "doggie",
        "photoUrls": [
            "culpa aliqua do Ut",
            "pariatur non qui"
        ],
        "tags": [
            {
                "id": -59409203,
                "name": "irure id dolor D"
            },
            {
                "id": -8983193,
                "name": "amet Duis"
            }
        ],
        "status": "sold"
    }
]
]]></system-out>
  </testcase>
  <testcase name="petNotFound" classname="api_tests.PetStoreTests" time="0.101">
    <system-out><![CDATA[{
    "code": 1,
    "type": "error",
    "message": "Pet not found"
}
]]></system-out>
  </testcase>
  <testcase name="deleteThePet" classname="api_tests.PetStoreTests" time="0.091">
    <system-out><![CDATA[{
    "code": 200,
    "type": "unknown",
    "message": "712"
}
]]></system-out>
  </testcase>
  <testcase name="findAPetById" classname="api_tests.PetStoreTests" time="0.095">
    <failure message="expected [200] but found [404]" type="java.lang.AssertionError"><![CDATA[java.lang.AssertionError: expected [200] but found [404]
	at api_tests.PetStoreTests.findAPetById(PetStoreTests.java:132)
]]></failure>
  </testcase>
  <testcase name="findAPetById_chainValidation" classname="api_tests.PetStoreTests" time="0.095">
    <failure message="1 expectation failed.&#10;Expected status code &lt;200&gt; but was &lt;404&gt;.&#10;" type="java.lang.AssertionError"><![CDATA[java.lang.AssertionError: 
1 expectation failed.
Expected status code <200> but was <404>.

	at api_tests.PetStoreTests.findAPetById_chainValidation(PetStoreTests.java:154)
]]></failure>
    <system-out><![CDATA[{
    "code": 1,
    "type": "error",
    "message": "Pet not found"
}
]]></system-out>
  </testcase>
  <testcase name="updatePet" classname="api_tests.PetStoreTests" time="0.13">
    <system-out><![CDATA[{
    "id": 712,
    "category": {
        "id": 21,
        "name": "Dog"
    },
    "name": "Shadow",
    "photoUrls": [
        "string"
    ],
    "tags": [
        {
            "id": 21999,
            "name": "M_21999"
        }
    ],
    "status": "available"
}
Shadow
Dog
712
available
M_21999
]]></system-out>
  </testcase>
</testsuite>